Flow report for Schaltkreis
Mon Nov 21 14:12:05 2022
Quartus Prime Version 20.1.0 Build 711 06/05/2020 SJ Lite Edition


---------------------
; Table of Contents ;
---------------------
  1. Legal Notice
  2. Flow Summary
  3. Flow Settings
  4. Flow Non-Default Global Settings
  5. Flow Elapsed Time
  6. Flow OS Summary
  7. Flow Log
  8. Flow Messages
  9. Flow Suppressed Messages



----------------
; Legal Notice ;
----------------
Copyright (C) 2020  Intel Corporation. All rights reserved.
Your use of Intel Corporation's design tools, logic functions 
and other software and tools, and any partner logic 
functions, and any output files from any of the foregoing 
(including device programming or simulation files), and any 
associated documentation or information are expressly subject 
to the terms and conditions of the Intel Program License 
Subscription Agreement, the Intel Quartus Prime License Agreement,
the Intel FPGA IP License Agreement, or other applicable license
agreement, including, without limitation, that your use is for
the sole purpose of programming logic devices manufactured by
Intel and sold by Intel or its authorized distributors.  Please
refer to the applicable agreement for further details, at
https://fpgasoftware.intel.com/eula.



+----------------------------------------------------------------------------------+
; Flow Summary                                                                     ;
+------------------------------------+---------------------------------------------+
; Flow Status                        ; Successful - Mon Nov 21 14:12:05 2022       ;
; Quartus Prime Version              ; 20.1.0 Build 711 06/05/2020 SJ Lite Edition ;
; Revision Name                      ; Schaltkreis                                 ;
; Top-level Entity Name              ; Schaltkreis                                 ;
; Family                             ; MAX 10                                      ;
; Device                             ; 10M02DCU324C8G                              ;
; Timing Models                      ; Final                                       ;
; Total logic elements               ; 8 / 2,304 ( < 1 % )                         ;
;     Total combinational functions  ; 8 / 2,304 ( < 1 % )                         ;
;     Dedicated logic registers      ; 3 / 2,304 ( < 1 % )                         ;
; Total registers                    ; 3                                           ;
; Total pins                         ; 8 / 160 ( 5 % )                             ;
; Total virtual pins                 ; 0                                           ;
; Total memory bits                  ; 0 / 110,592 ( 0 % )                         ;
; Embedded Multiplier 9-bit elements ; 0 / 32 ( 0 % )                              ;
; Total PLLs                         ; 0 / 2 ( 0 % )                               ;
; UFM blocks                         ; 0 / 1 ( 0 % )                               ;
; ADC blocks                         ; 0                                           ;
+------------------------------------+---------------------------------------------+


+-----------------------------------------+
; Flow Settings                           ;
+-------------------+---------------------+
; Option            ; Setting             ;
+-------------------+---------------------+
; Start date & time ; 11/21/2022 14:10:37 ;
; Main task         ; Compilation         ;
; Revision Name     ; Schaltkreis         ;
+-------------------+---------------------+


+-------------------------------------------------------------------------------------------------------------------------+
; Flow Non-Default Global Settings                                                                                        ;
+-------------------------------------+----------------------------------------+---------------+-------------+------------+
; Assignment Name                     ; Value                                  ; Default Value ; Entity Name ; Section Id ;
+-------------------------------------+----------------------------------------+---------------+-------------+------------+
; COMPILER_SIGNATURE_ID               ; 10995770589192.166903623713988         ; --            ; --          ; --         ;
; MAX_CORE_JUNCTION_TEMP              ; 85                                     ; --            ; --          ; --         ;
; MIN_CORE_JUNCTION_TEMP              ; 0                                      ; --            ; --          ; --         ;
; PARTITION_COLOR                     ; -- (Not supported for targeted family) ; --            ; --          ; Top        ;
; PARTITION_FITTER_PRESERVATION_LEVEL ; -- (Not supported for targeted family) ; --            ; --          ; Top        ;
; PARTITION_NETLIST_TYPE              ; -- (Not supported for targeted family) ; --            ; --          ; Top        ;
; PROJECT_OUTPUT_DIRECTORY            ; output_files                           ; --            ; --          ; --         ;
+-------------------------------------+----------------------------------------+---------------+-------------+------------+


+--------------------------------------------------------------------------------------------------------------------------+
; Flow Elapsed Time                                                                                                        ;
+----------------------+--------------+-------------------------+---------------------+------------------------------------+
; Module Name          ; Elapsed Time ; Average Processors Used ; Peak Virtual Memory ; Total CPU Time (on all processors) ;
+----------------------+--------------+-------------------------+---------------------+------------------------------------+
; Analysis & Synthesis ; 00:00:20     ; 1.0                     ; 4816 MB             ; 00:00:25                           ;
; Fitter               ; 00:00:10     ; 1.0                     ; 6090 MB             ; 00:00:09                           ;
; Assembler            ; 00:00:01     ; 1.0                     ; 4680 MB             ; 00:00:01                           ;
; Timing Analyzer      ; 00:00:05     ; 1.0                     ; 4874 MB             ; 00:00:04                           ;
; EDA Netlist Writer   ; 00:00:00     ; 1.0                     ; 4628 MB             ; 00:00:01                           ;
; EDA Netlist Writer   ; 00:00:01     ; 1.0                     ; 4643 MB             ; 00:00:01                           ;
; Total                ; 00:00:37     ; --                      ; --                  ; 00:00:41                           ;
+----------------------+--------------+-------------------------+---------------------+------------------------------------+


+------------------------------------------------------------------------------------+
; Flow OS Summary                                                                    ;
+----------------------+------------------+------------+------------+----------------+
; Module Name          ; Machine Hostname ; OS Name    ; OS Version ; Processor type ;
+----------------------+------------------+------------+------------+----------------+
; Analysis & Synthesis ; DESKTOP-PF55JR9  ; Windows 10 ; 10.0       ; x86_64         ;
; Fitter               ; DESKTOP-PF55JR9  ; Windows 10 ; 10.0       ; x86_64         ;
; Assembler            ; DESKTOP-PF55JR9  ; Windows 10 ; 10.0       ; x86_64         ;
; Timing Analyzer      ; DESKTOP-PF55JR9  ; Windows 10 ; 10.0       ; x86_64         ;
; EDA Netlist Writer   ; DESKTOP-PF55JR9  ; Windows 10 ; 10.0       ; x86_64         ;
; EDA Netlist Writer   ; DESKTOP-PF55JR9  ; Windows 10 ; 10.0       ; x86_64         ;
+----------------------+------------------+------------+------------+----------------+


------------
; Flow Log ;
------------
quartus_map --read_settings_files=on --write_settings_files=off Schaltkreis -c Schaltkreis
quartus_fit --read_settings_files=off --write_settings_files=off Schaltkreis -c Schaltkreis
quartus_asm --read_settings_files=off --write_settings_files=off Schaltkreis -c Schaltkreis
quartus_sta Schaltkreis -c Schaltkreis
quartus_eda --gen_testbench --tool=modelsim_oem --format=verilog --write_settings_files=off Schaltkreis -c Schaltkreis --vector_source=D:/Programming/Quartus/TI-Praktikum-02-Steckboard-2g/Waveform.vwf --testbench_file=D:/Programming/Quartus/TI-Praktikum-02-Steckboard-2g/simulation/qsim/Waveform.vwf.vt
quartus_eda --write_settings_files=off --simulation=on --functional=off --flatten_buses=off --timescale=1ps --tool=modelsim_oem --format=verilog --output_directory=D:/Programming/Quartus/TI-Praktikum-02-Steckboard-2g/simulation/qsim/ Schaltkreis -c Schaltkreis



