Analysis & Synthesis report for uP
Thu Dec 15 14:13:31 2022
Quartus Prime Version 20.1.0 Build 711 06/05/2020 SJ Lite Edition


---------------------
; Table of Contents ;
---------------------
  1. Legal Notice
  2. Analysis & Synthesis Summary
  3. Analysis & Synthesis Settings
  4. Parallel Compilation
  5. Analysis & Synthesis IP Cores Summary
  6. Analysis & Synthesis Messages



----------------
; Legal Notice ;
----------------
Copyright (C) 2020  Intel Corporation. All rights reserved.
Your use of Intel Corporation's design tools, logic functions 
and other software and tools, and any partner logic 
functions, and any output files from any of the foregoing 
(including device programming or simulation files), and any 
associated documentation or information are expressly subject 
to the terms and conditions of the Intel Program License 
Subscription Agreement, the Intel Quartus Prime License Agreement,
the Intel FPGA IP License Agreement, or other applicable license
agreement, including, without limitation, that your use is for
the sole purpose of programming logic devices manufactured by
Intel and sold by Intel or its authorized distributors.  Please
refer to the applicable agreement for further details, at
https://fpgasoftware.intel.com/eula.



+----------------------------------------------------------------------------------+
; Analysis & Synthesis Summary                                                     ;
+------------------------------------+---------------------------------------------+
; Analysis & Synthesis Status        ; Failed - Thu Dec 15 14:13:31 2022           ;
; Quartus Prime Version              ; 20.1.0 Build 711 06/05/2020 SJ Lite Edition ;
; Revision Name                      ; uP                                          ;
; Top-level Entity Name              ; uP                                          ;
; Family                             ; MAX 10                                      ;
; Total logic elements               ; N/A until Partition Merge                   ;
;     Total combinational functions  ; N/A until Partition Merge                   ;
;     Dedicated logic registers      ; N/A until Partition Merge                   ;
; Total registers                    ; N/A until Partition Merge                   ;
; Total pins                         ; N/A until Partition Merge                   ;
; Total virtual pins                 ; N/A until Partition Merge                   ;
; Total memory bits                  ; N/A until Partition Merge                   ;
; Embedded Multiplier 9-bit elements ; N/A until Partition Merge                   ;
; Total PLLs                         ; N/A until Partition Merge                   ;
; UFM blocks                         ; N/A until Partition Merge                   ;
; ADC blocks                         ; N/A until Partition Merge                   ;
+------------------------------------+---------------------------------------------+


+------------------------------------------------------------------------------------------------------------+
; Analysis & Synthesis Settings                                                                              ;
+------------------------------------------------------------------+--------------------+--------------------+
; Option                                                           ; Setting            ; Default Value      ;
+------------------------------------------------------------------+--------------------+--------------------+
; Device                                                           ; 10M08DAF484C8G     ;                    ;
; Top-level entity name                                            ; uP                 ; uP                 ;
; Family name                                                      ; MAX 10             ; Cyclone V          ;
; Use smart compilation                                            ; On                 ; Off                ;
; Enable parallel Assembler and Timing Analyzer during compilation ; On                 ; On                 ;
; Enable compact report table                                      ; Off                ; Off                ;
; Restructure Multiplexers                                         ; Auto               ; Auto               ;
; Create Debugging Nodes for IP Cores                              ; Off                ; Off                ;
; Preserve fewer node names                                        ; On                 ; On                 ;
; Intel FPGA IP Evaluation Mode                                    ; Enable             ; Enable             ;
; Verilog Version                                                  ; Verilog_2001       ; Verilog_2001       ;
; VHDL Version                                                     ; VHDL_1993          ; VHDL_1993          ;
; State Machine Processing                                         ; Auto               ; Auto               ;
; Safe State Machine                                               ; Off                ; Off                ;
; Extract Verilog State Machines                                   ; On                 ; On                 ;
; Extract VHDL State Machines                                      ; On                 ; On                 ;
; Ignore Verilog initial constructs                                ; Off                ; Off                ;
; Iteration limit for constant Verilog loops                       ; 5000               ; 5000               ;
; Iteration limit for non-constant Verilog loops                   ; 250                ; 250                ;
; Add Pass-Through Logic to Inferred RAMs                          ; On                 ; On                 ;
; Infer RAMs from Raw Logic                                        ; On                 ; On                 ;
; Parallel Synthesis                                               ; On                 ; On                 ;
; DSP Block Balancing                                              ; Auto               ; Auto               ;
; NOT Gate Push-Back                                               ; On                 ; On                 ;
; Power-Up Don't Care                                              ; On                 ; On                 ;
; Remove Redundant Logic Cells                                     ; Off                ; Off                ;
; Remove Duplicate Registers                                       ; On                 ; On                 ;
; Ignore CARRY Buffers                                             ; Off                ; Off                ;
; Ignore CASCADE Buffers                                           ; Off                ; Off                ;
; Ignore GLOBAL Buffers                                            ; Off                ; Off                ;
; Ignore ROW GLOBAL Buffers                                        ; Off                ; Off                ;
; Ignore LCELL Buffers                                             ; Off                ; Off                ;
; Ignore SOFT Buffers                                              ; On                 ; On                 ;
; Limit AHDL Integers to 32 Bits                                   ; Off                ; Off                ;
; Optimization Technique                                           ; Balanced           ; Balanced           ;
; Carry Chain Length                                               ; 70                 ; 70                 ;
; Auto Carry Chains                                                ; On                 ; On                 ;
; Auto Open-Drain Pins                                             ; On                 ; On                 ;
; Perform WYSIWYG Primitive Resynthesis                            ; Off                ; Off                ;
; Auto ROM Replacement                                             ; On                 ; On                 ;
; Auto RAM Replacement                                             ; On                 ; On                 ;
; Auto DSP Block Replacement                                       ; On                 ; On                 ;
; Auto Shift Register Replacement                                  ; Auto               ; Auto               ;
; Allow Shift Register Merging across Hierarchies                  ; Auto               ; Auto               ;
; Auto Clock Enable Replacement                                    ; On                 ; On                 ;
; Strict RAM Replacement                                           ; Off                ; Off                ;
; Allow Synchronous Control Signals                                ; On                 ; On                 ;
; Force Use of Synchronous Clear Signals                           ; Off                ; Off                ;
; Auto RAM Block Balancing                                         ; On                 ; On                 ;
; Auto RAM to Logic Cell Conversion                                ; Off                ; Off                ;
; Auto Resource Sharing                                            ; Off                ; Off                ;
; Allow Any RAM Size For Recognition                               ; Off                ; Off                ;
; Allow Any ROM Size For Recognition                               ; Off                ; Off                ;
; Allow Any Shift Register Size For Recognition                    ; Off                ; Off                ;
; Use LogicLock Constraints during Resource Balancing              ; On                 ; On                 ;
; Ignore translate_off and synthesis_off directives                ; Off                ; Off                ;
; Timing-Driven Synthesis                                          ; On                 ; On                 ;
; Report Parameter Settings                                        ; On                 ; On                 ;
; Report Source Assignments                                        ; On                 ; On                 ;
; Report Connectivity Checks                                       ; On                 ; On                 ;
; Ignore Maximum Fan-Out Assignments                               ; Off                ; Off                ;
; Synchronization Register Chain Length                            ; 2                  ; 2                  ;
; Power Optimization During Synthesis                              ; Normal compilation ; Normal compilation ;
; HDL message level                                                ; Level2             ; Level2             ;
; Suppress Register Optimization Related Messages                  ; Off                ; Off                ;
; Number of Removed Registers Reported in Synthesis Report         ; 5000               ; 5000               ;
; Number of Swept Nodes Reported in Synthesis Report               ; 5000               ; 5000               ;
; Number of Inverted Registers Reported in Synthesis Report        ; 100                ; 100                ;
; Clock MUX Protection                                             ; On                 ; On                 ;
; Auto Gated Clock Conversion                                      ; Off                ; Off                ;
; Block Design Naming                                              ; Auto               ; Auto               ;
; SDC constraint protection                                        ; Off                ; Off                ;
; Synthesis Effort                                                 ; Auto               ; Auto               ;
; Shift Register Replacement - Allow Asynchronous Clear Signal     ; On                 ; On                 ;
; Pre-Mapping Resynthesis Optimization                             ; Off                ; Off                ;
; Analysis & Synthesis Message Level                               ; Medium             ; Medium             ;
; Disable Register Merging Across Hierarchies                      ; Auto               ; Auto               ;
; Resource Aware Inference For Block RAM                           ; On                 ; On                 ;
+------------------------------------------------------------------+--------------------+--------------------+


+------------------------------------------+
; Parallel Compilation                     ;
+----------------------------+-------------+
; Processors                 ; Number      ;
+----------------------------+-------------+
; Number detected on machine ; 12          ;
; Maximum allowed            ; 12          ;
;                            ;             ;
; Average used               ; 1.00        ;
; Maximum used               ; 1           ;
;                            ;             ;
; Usage by Processor         ; % Time Used ;
;     Processor 1            ; 100.0%      ;
+----------------------------+-------------+


+---------------------------------------------------------------------------------------------------+
; Analysis & Synthesis IP Cores Summary                                                             ;
+--------+--------------+---------+--------------+--------------+-----------------+-----------------+
; Vendor ; IP Core Name ; Version ; Release Date ; License Type ; Entity Instance ; IP Include File ;
+--------+--------------+---------+--------------+--------------+-----------------+-----------------+
; Altera ; ALTPLL       ; 13.0    ; N/A          ; N/A          ; |uP|pll:inst3   ; pll.vhd         ;
; Altera ; RAM: 2-PORT  ; 13.0    ; N/A          ; N/A          ; |uP|ram:inst4   ; ram.vhd         ;
+--------+--------------+---------+--------------+--------------+-----------------+-----------------+


+-------------------------------+
; Analysis & Synthesis Messages ;
+-------------------------------+
Info: *******************************************************************
Info: Running Quartus Prime Analysis & Synthesis
    Info: Version 20.1.0 Build 711 06/05/2020 SJ Lite Edition
    Info: Processing started: Thu Dec 15 14:13:17 2022
Info: Command: quartus_map --read_settings_files=on --write_settings_files=off uP -c uP
Warning (18236): Number of processors has not been specified which may cause overloading on shared machines.  Set the global assignment NUM_PARALLEL_PROCESSORS in your QSF to an appropriate value for best performance.
Info (20030): Parallel compilation is enabled and will use 12 of the 12 processors detected
Info (12021): Found 2 design units, including 1 entities, in source file cpu.vhd
    Info (12022): Found design unit 1: cpu-arch File: D:/Programming/Quartus/TI-Praktikum-03-3b/cpu.vhd Line: 37
    Info (12023): Found entity 1: cpu File: D:/Programming/Quartus/TI-Praktikum-03-3b/cpu.vhd Line: 5
Info (12021): Found 2 design units, including 1 entities, in source file akkumulator.vhd
    Info (12022): Found design unit 1: akkumulator-arch File: D:/Programming/Quartus/TI-Praktikum-03-3b/akkumulator.vhd Line: 25
    Info (12023): Found entity 1: akkumulator File: D:/Programming/Quartus/TI-Praktikum-03-3b/akkumulator.vhd Line: 5
Info (12021): Found 2 design units, including 1 entities, in source file hex_to_seven.vhd
    Info (12022): Found design unit 1: hex_to_seven-arch File: D:/Programming/Quartus/TI-Praktikum-03-3b/hex_to_seven.vhd Line: 14
    Info (12023): Found entity 1: hex_to_seven File: D:/Programming/Quartus/TI-Praktikum-03-3b/hex_to_seven.vhd Line: 5
Info (12021): Found 2 design units, including 1 entities, in source file ram.vhd
    Info (12022): Found design unit 1: ram-SYN File: D:/Programming/Quartus/TI-Praktikum-03-3b/ram.vhd Line: 56
    Info (12023): Found entity 1: ram File: D:/Programming/Quartus/TI-Praktikum-03-3b/ram.vhd Line: 42
Info (12021): Found 1 design units, including 1 entities, in source file up.bdf
    Info (12023): Found entity 1: uP
Info (12021): Found 2 design units, including 1 entities, in source file pll.vhd
    Info (12022): Found design unit 1: pll-SYN File: D:/Programming/Quartus/TI-Praktikum-03-3b/pll.vhd Line: 51
    Info (12023): Found entity 1: pll File: D:/Programming/Quartus/TI-Praktikum-03-3b/pll.vhd Line: 42
Info (12127): Elaborating entity "uP" for the top level hierarchy
Info (12128): Elaborating entity "cpu" for hierarchy "cpu:inst"
Info (10041): Inferred latch for "cntrls[1]" at cpu.vhd(241) File: D:/Programming/Quartus/TI-Praktikum-03-3b/cpu.vhd Line: 241
Info (10041): Inferred latch for "cntrls[2]" at cpu.vhd(241) File: D:/Programming/Quartus/TI-Praktikum-03-3b/cpu.vhd Line: 241
Info (10041): Inferred latch for "cntrls[3]" at cpu.vhd(241) File: D:/Programming/Quartus/TI-Praktikum-03-3b/cpu.vhd Line: 241
Info (10041): Inferred latch for "cntrls[4]" at cpu.vhd(241) File: D:/Programming/Quartus/TI-Praktikum-03-3b/cpu.vhd Line: 241
Info (10041): Inferred latch for "cntrls[5]" at cpu.vhd(241) File: D:/Programming/Quartus/TI-Praktikum-03-3b/cpu.vhd Line: 241
Info (10041): Inferred latch for "cntrls[6]" at cpu.vhd(241) File: D:/Programming/Quartus/TI-Praktikum-03-3b/cpu.vhd Line: 241
Info (10041): Inferred latch for "cntrls[7]" at cpu.vhd(241) File: D:/Programming/Quartus/TI-Praktikum-03-3b/cpu.vhd Line: 241
Info (12129): Elaborating entity "hex_to_seven" using architecture "A:arch" for hierarchy "cpu:inst|hex_to_seven:hex7a_inst" File: D:/Programming/Quartus/TI-Praktikum-03-3b/cpu.vhd Line: 124
Info (12129): Elaborating entity "akkumulator" using architecture "A:arch" for hierarchy "cpu:inst|akkumulator:akkumulator_inst" File: D:/Programming/Quartus/TI-Praktikum-03-3b/cpu.vhd Line: 143
Warning (10492): VHDL Process Statement warning at akkumulator.vhd(57): signal "x" is read inside the Process Statement but isn't in the Process Statement's sensitivity list File: D:/Programming/Quartus/TI-Praktikum-03-3b/akkumulator.vhd Line: 57
Warning (10492): VHDL Process Statement warning at akkumulator.vhd(58): signal "x" is read inside the Process Statement but isn't in the Process Statement's sensitivity list File: D:/Programming/Quartus/TI-Praktikum-03-3b/akkumulator.vhd Line: 58
Warning (10492): VHDL Process Statement warning at akkumulator.vhd(67): signal "sub" is read inside the Process Statement but isn't in the Process Statement's sensitivity list File: D:/Programming/Quartus/TI-Praktikum-03-3b/akkumulator.vhd Line: 67
Warning (10492): VHDL Process Statement warning at akkumulator.vhd(69): signal "sub" is read inside the Process Statement but isn't in the Process Statement's sensitivity list File: D:/Programming/Quartus/TI-Praktikum-03-3b/akkumulator.vhd Line: 69
Warning (10631): VHDL Process Statement warning at akkumulator.vhd(64): inferring latch(es) for signal or variable "z", which holds its previous value in one or more paths through the process File: D:/Programming/Quartus/TI-Praktikum-03-3b/akkumulator.vhd Line: 64
Info (10041): Inferred latch for "z[0]" at akkumulator.vhd(64) File: D:/Programming/Quartus/TI-Praktikum-03-3b/akkumulator.vhd Line: 64
Info (10041): Inferred latch for "z[1]" at akkumulator.vhd(64) File: D:/Programming/Quartus/TI-Praktikum-03-3b/akkumulator.vhd Line: 64
Info (10041): Inferred latch for "z[2]" at akkumulator.vhd(64) File: D:/Programming/Quartus/TI-Praktikum-03-3b/akkumulator.vhd Line: 64
Info (10041): Inferred latch for "z[3]" at akkumulator.vhd(64) File: D:/Programming/Quartus/TI-Praktikum-03-3b/akkumulator.vhd Line: 64
Info (10041): Inferred latch for "z[4]" at akkumulator.vhd(64) File: D:/Programming/Quartus/TI-Praktikum-03-3b/akkumulator.vhd Line: 64
Info (12128): Elaborating entity "ram" for hierarchy "ram:inst4"
Info (12128): Elaborating entity "altsyncram" for hierarchy "ram:inst4|altsyncram:altsyncram_component" File: D:/Programming/Quartus/TI-Praktikum-03-3b/ram.vhd Line: 98
Info (12130): Elaborated megafunction instantiation "ram:inst4|altsyncram:altsyncram_component" File: D:/Programming/Quartus/TI-Praktikum-03-3b/ram.vhd Line: 98
Info (12133): Instantiated megafunction "ram:inst4|altsyncram:altsyncram_component" with the following parameter: File: D:/Programming/Quartus/TI-Praktikum-03-3b/ram.vhd Line: 98
    Info (12134): Parameter "address_reg_b" = "CLOCK1"
    Info (12134): Parameter "clock_enable_input_a" = "BYPASS"
    Info (12134): Parameter "clock_enable_input_b" = "BYPASS"
    Info (12134): Parameter "clock_enable_output_a" = "BYPASS"
    Info (12134): Parameter "clock_enable_output_b" = "BYPASS"
    Info (12134): Parameter "init_file" = "ram.hex"
    Info (12134): Parameter "intended_device_family" = "Cyclone II"
    Info (12134): Parameter "lpm_type" = "altsyncram"
    Info (12134): Parameter "numwords_a" = "16"
    Info (12134): Parameter "numwords_b" = "16"
    Info (12134): Parameter "operation_mode" = "DUAL_PORT"
    Info (12134): Parameter "outdata_aclr_b" = "NONE"
    Info (12134): Parameter "outdata_reg_b" = "CLOCK1"
    Info (12134): Parameter "power_up_uninitialized" = "FALSE"
    Info (12134): Parameter "widthad_a" = "4"
    Info (12134): Parameter "widthad_b" = "4"
    Info (12134): Parameter "width_a" = "8"
    Info (12134): Parameter "width_b" = "8"
    Info (12134): Parameter "width_byteena_a" = "1"
Info (12021): Found 1 design units, including 1 entities, in source file db/altsyncram_jdl1.tdf
    Info (12023): Found entity 1: altsyncram_jdl1 File: D:/Programming/Quartus/TI-Praktikum-03-3b/db/altsyncram_jdl1.tdf Line: 28
Info (12128): Elaborating entity "altsyncram_jdl1" for hierarchy "ram:inst4|altsyncram:altsyncram_component|altsyncram_jdl1:auto_generated" File: d:/programs/fpgalite_quartus/quartus/libraries/megafunctions/altsyncram.tdf Line: 792
Info (12128): Elaborating entity "pll" for hierarchy "pll:inst3"
Info (12128): Elaborating entity "altpll" for hierarchy "pll:inst3|altpll:altpll_component" File: D:/Programming/Quartus/TI-Praktikum-03-3b/pll.vhd Line: 130
Error (12024): WYSIWYG primitive "pll" is not compatible with the current device family File: d:/programs/fpgalite_quartus/quartus/libraries/megafunctions/altpll.tdf Line: 540
Error (12152): Can't elaborate user hierarchy "pll:inst3|altpll:altpll_component" File: D:/Programming/Quartus/TI-Praktikum-03-3b/pll.vhd Line: 130
Info (12130): Elaborated megafunction instantiation "pll:inst3|altpll:altpll_component" File: D:/Programming/Quartus/TI-Praktikum-03-3b/pll.vhd Line: 130
Info (12133): Instantiated megafunction "pll:inst3|altpll:altpll_component" with the following parameter: File: D:/Programming/Quartus/TI-Praktikum-03-3b/pll.vhd Line: 130
    Info (12134): Parameter "clk0_divide_by" = "5"
    Info (12134): Parameter "clk0_duty_cycle" = "50"
    Info (12134): Parameter "clk0_multiply_by" = "1"
    Info (12134): Parameter "clk0_phase_shift" = "0"
    Info (12134): Parameter "compensate_clock" = "CLK0"
    Info (12134): Parameter "inclk0_input_frequency" = "20000"
    Info (12134): Parameter "intended_device_family" = "Cyclone II"
    Info (12134): Parameter "lpm_hint" = "CBX_MODULE_PREFIX=pll"
    Info (12134): Parameter "lpm_type" = "altpll"
    Info (12134): Parameter "operation_mode" = "NORMAL"
    Info (12134): Parameter "port_activeclock" = "PORT_UNUSED"
    Info (12134): Parameter "port_areset" = "PORT_UNUSED"
    Info (12134): Parameter "port_clkbad0" = "PORT_UNUSED"
    Info (12134): Parameter "port_clkbad1" = "PORT_UNUSED"
    Info (12134): Parameter "port_clkloss" = "PORT_UNUSED"
    Info (12134): Parameter "port_clkswitch" = "PORT_UNUSED"
    Info (12134): Parameter "port_configupdate" = "PORT_UNUSED"
    Info (12134): Parameter "port_fbin" = "PORT_UNUSED"
    Info (12134): Parameter "port_inclk0" = "PORT_USED"
    Info (12134): Parameter "port_inclk1" = "PORT_UNUSED"
    Info (12134): Parameter "port_locked" = "PORT_UNUSED"
    Info (12134): Parameter "port_pfdena" = "PORT_UNUSED"
    Info (12134): Parameter "port_phasecounterselect" = "PORT_UNUSED"
    Info (12134): Parameter "port_phasedone" = "PORT_UNUSED"
    Info (12134): Parameter "port_phasestep" = "PORT_UNUSED"
    Info (12134): Parameter "port_phaseupdown" = "PORT_UNUSED"
    Info (12134): Parameter "port_pllena" = "PORT_UNUSED"
    Info (12134): Parameter "port_scanaclr" = "PORT_UNUSED"
    Info (12134): Parameter "port_scanclk" = "PORT_UNUSED"
    Info (12134): Parameter "port_scanclkena" = "PORT_UNUSED"
    Info (12134): Parameter "port_scandata" = "PORT_UNUSED"
    Info (12134): Parameter "port_scandataout" = "PORT_UNUSED"
    Info (12134): Parameter "port_scandone" = "PORT_UNUSED"
    Info (12134): Parameter "port_scanread" = "PORT_UNUSED"
    Info (12134): Parameter "port_scanwrite" = "PORT_UNUSED"
    Info (12134): Parameter "port_clk0" = "PORT_USED"
    Info (12134): Parameter "port_clk1" = "PORT_UNUSED"
    Info (12134): Parameter "port_clk2" = "PORT_UNUSED"
    Info (12134): Parameter "port_clk3" = "PORT_UNUSED"
    Info (12134): Parameter "port_clk4" = "PORT_UNUSED"
    Info (12134): Parameter "port_clk5" = "PORT_UNUSED"
    Info (12134): Parameter "port_clkena0" = "PORT_UNUSED"
    Info (12134): Parameter "port_clkena1" = "PORT_UNUSED"
    Info (12134): Parameter "port_clkena2" = "PORT_UNUSED"
    Info (12134): Parameter "port_clkena3" = "PORT_UNUSED"
    Info (12134): Parameter "port_clkena4" = "PORT_UNUSED"
    Info (12134): Parameter "port_clkena5" = "PORT_UNUSED"
    Info (12134): Parameter "port_extclk0" = "PORT_UNUSED"
    Info (12134): Parameter "port_extclk1" = "PORT_UNUSED"
    Info (12134): Parameter "port_extclk2" = "PORT_UNUSED"
    Info (12134): Parameter "port_extclk3" = "PORT_UNUSED"
Error: Quartus Prime Analysis & Synthesis was unsuccessful. 2 errors, 6 warnings
    Error: Peak virtual memory: 4793 megabytes
    Error: Processing ended: Thu Dec 15 14:13:31 2022
    Error: Elapsed time: 00:00:14
    Error: Total CPU time (on all processors): 00:00:29


